State 0:
          mate_config ::= * decls
          decls ::= * decls decl
      (2) decls ::= *

                   mate_config accept
                         decls shift  1
                     {default} reduce 2

State 1:
      (0) mate_config ::= decls *
          decls ::= decls * decl
          decl ::= * pdu_decl
          decl ::= * gop_decl
          decl ::= * gog_decl
          decl ::= * transform_decl
          decl ::= * defaults_decl
          decl ::= * debug_decl
          decl ::= * DONE_KW SEMICOLON
          debug_decl ::= * DEBUG_KW OPEN_BRACE dbgfile_default dbglevel_default pdu_dbglevel_default gop_dbglevel_default gog_dbglevel_default CLOSE_BRACE SEMICOLON
          defaults_decl ::= * DEFAULT_KW OPEN_BRACE pdu_defaults gop_defaults gog_defaults CLOSE_BRACE SEMICOLON
          transform_decl ::= * TRANSFORM_KW NAME transform_body SEMICOLON
          pdu_decl ::= * PDU_KW NAME PROTO_KW field TRANSPORT_KW proto_stack OPEN_BRACE payload_statement extraction_statements transform_list_statement criteria_statement pdu_drop_unassigned_statement discard_pdu_data_statement last_extracted_statement CLOSE_BRACE SEMICOLON
          gop_decl ::= * GOP_KW NAME ON_KW pdu_name MATCH_KW avpl OPEN_BRACE gop_start_statement gop_stop_statement extra_statement transform_list_statement gop_expiration_statement idle_timeout_statement lifetime_statement gop_drop_unassigned_statement show_goptree_statement show_times_statement CLOSE_BRACE SEMICOLON
          gog_decl ::= * GOG_KW NAME OPEN_BRACE gog_key_statements extra_statement transform_list_statement gog_expiration_statement gog_goptree_statement show_times_statement CLOSE_BRACE SEMICOLON

                             $ reduce 0
                       DONE_KW shift  161
                      DEBUG_KW shift  156
                        PDU_KW shift  163
                        GOP_KW shift  141
                        GOG_KW shift  175
                    DEFAULT_KW shift  153
                  TRANSFORM_KW shift  119
                transform_decl shift  275
                          decl shift  282
                      pdu_decl shift  281
                      gop_decl shift  278
                      gog_decl shift  277
                 defaults_decl shift  274
                    debug_decl shift  272

State 2:
          transform_body ::= OPEN_BRACE * transform_statements CLOSE_BRACE
          transform_statements ::= * transform_statements transform_statement
          transform_statements ::= * transform_statement
          transform_statement ::= * transform_match transform_action SEMICOLON
          transform_match ::= * MATCH_KW match_mode avpl
     (59) transform_match ::= *

                      MATCH_KW shift  18
          transform_statements shift  7
           transform_statement shift  186
               transform_match shift  4
                     {default} reduce 59

State 3:
          avp ::= NAME OPEN_BRACE * avp_oneoff CLOSE_BRACE
          avp_oneoff ::= * avp_oneoff PIPE value
          avp_oneoff ::= * value
          value ::= * QUOTED
          value ::= * NAME
          value ::= * FLOATING
          value ::= * INTEGER
          value ::= * DOTED_IP
          value ::= * COLONIZED

                        QUOTED shift  217
                          NAME shift  216
                       INTEGER shift  213
                      FLOATING shift  283
                      DOTED_IP shift  211
                     COLONIZED shift  210
                         value shift  202
                    avp_oneoff shift  100

State 4:
          transform_statement ::= transform_match * transform_action SEMICOLON
     (60) transform_action ::= *
          transform_action ::= * action_mode avpl
          action_mode ::= * REPLACE_KW
          action_mode ::= * INSERT_KW
     (68) action_mode ::= *

                    REPLACE_KW shift  197
                     INSERT_KW shift  196
                   OPEN_PARENS reduce 68
              transform_action shift  128
                   action_mode shift  73
                     {default} reduce 60

State 5:
          pdu_decl ::= PDU_KW NAME PROTO_KW field TRANSPORT_KW proto_stack OPEN_BRACE payload_statement extraction_statements * transform_list_statement criteria_statement pdu_drop_unassigned_statement discard_pdu_data_statement last_extracted_statement CLOSE_BRACE SEMICOLON
          extraction_statements ::= extraction_statements * extraction_statement
          extraction_statement ::= * EXTRACT_KW NAME FROM_KW field SEMICOLON
          transform_list_statement ::= * TRANSFORM_KW transform_list SEMICOLON
    (130) transform_list_statement ::= *

                  TRANSFORM_KW shift  12
                    EXTRACT_KW shift  155
          extraction_statement shift  195
      transform_list_statement shift  52
                     {default} reduce 130

State 6:
          gog_decl ::= GOG_KW NAME OPEN_BRACE gog_key_statements * extra_statement transform_list_statement gog_expiration_statement gog_goptree_statement show_times_statement CLOSE_BRACE SEMICOLON
          gog_key_statements ::= gog_key_statements * gog_key_statement
          gog_key_statement ::= * MEMBER_KW gop_name avpl SEMICOLON
          extra_statement ::= * EXTRA_KW avpl SEMICOLON
    (128) extra_statement ::= *

                     MEMBER_KW shift  45
                      EXTRA_KW shift  61
               extra_statement shift  77
             gog_key_statement shift  280
                     {default} reduce 128

State 7:
          transform_body ::= OPEN_BRACE transform_statements * CLOSE_BRACE
          transform_statements ::= transform_statements * transform_statement
          transform_statement ::= * transform_match transform_action SEMICOLON
          transform_match ::= * MATCH_KW match_mode avpl
     (59) transform_match ::= *

                   CLOSE_BRACE shift  224
                      MATCH_KW shift  18
           transform_statement shift  223
               transform_match shift  4
                     {default} reduce 59

State 8:
          avpl ::= OPEN_PARENS * avps CLOSE_PARENS
          avpl ::= OPEN_PARENS * CLOSE_PARENS
          avps ::= * avps COMMA avp
          avps ::= * avp
          avp ::= * NAME AVP_OPERATOR value
          avp ::= * NAME
          avp ::= * NAME OPEN_BRACE avp_oneoff CLOSE_BRACE

                          NAME shift  102
                  CLOSE_PARENS shift  199
                          avps shift  98
                           avp shift  198

State 9:
          gog_decl ::= GOG_KW NAME OPEN_BRACE * gog_key_statements extra_statement transform_list_statement gog_expiration_statement gog_goptree_statement show_times_statement CLOSE_BRACE SEMICOLON
          gog_key_statements ::= * gog_key_statements gog_key_statement
          gog_key_statements ::= * gog_key_statement
          gog_key_statement ::= * MEMBER_KW gop_name avpl SEMICOLON

                     MEMBER_KW shift  45
            gog_key_statements shift  6
             gog_key_statement shift  286

State 10:
          payload_statement ::= PAYLOAD_KW * proto_stack SEMICOLON
          proto_stack ::= * proto_stack SLASH field
          proto_stack ::= * field
          field ::= * NAME

                          NAME shift  201
                   proto_stack shift  101
                         field shift  215

State 11:
          pdu_decl ::= PDU_KW NAME PROTO_KW field TRANSPORT_KW proto_stack OPEN_BRACE payload_statement * extraction_statements transform_list_statement criteria_statement pdu_drop_unassigned_statement discard_pdu_data_statement last_extracted_statement CLOSE_BRACE SEMICOLON
          extraction_statements ::= * extraction_statements extraction_statement
          extraction_statements ::= * extraction_statement
          extraction_statement ::= * EXTRACT_KW NAME FROM_KW field SEMICOLON

                    EXTRACT_KW shift  155
          extraction_statement shift  209
         extraction_statements shift  5

State 12:
          transform_list_statement ::= TRANSFORM_KW * transform_list SEMICOLON
          transform_list ::= * transform_list COMMA transform
          transform_list ::= * transform
          transform ::= * NAME

                          NAME shift  207
                     transform shift  208
                transform_list shift  99

State 13:
          pdu_decl ::= PDU_KW NAME PROTO_KW field TRANSPORT_KW * proto_stack OPEN_BRACE payload_statement extraction_statements transform_list_statement criteria_statement pdu_drop_unassigned_statement discard_pdu_data_statement last_extracted_statement CLOSE_BRACE SEMICOLON
          proto_stack ::= * proto_stack SLASH field
          proto_stack ::= * field
          field ::= * NAME

                          NAME shift  201
                   proto_stack shift  104
                         field shift  215

State 14:
          avp ::= NAME AVP_OPERATOR * value
          value ::= * QUOTED
          value ::= * NAME
          value ::= * FLOATING
          value ::= * INTEGER
          value ::= * DOTED_IP
          value ::= * COLONIZED

                        QUOTED shift  217
                          NAME shift  216
                       INTEGER shift  213
                      FLOATING shift  283
                      DOTED_IP shift  211
                     COLONIZED shift  210
                         value shift  218

State 15:
          avp_oneoff ::= avp_oneoff PIPE * value
          value ::= * QUOTED
          value ::= * NAME
          value ::= * FLOATING
          value ::= * INTEGER
          value ::= * DOTED_IP
          value ::= * COLONIZED

                        QUOTED shift  217
                          NAME shift  216
                       INTEGER shift  213
                      FLOATING shift  283
                      DOTED_IP shift  211
                     COLONIZED shift  210
                         value shift  203

State 16:
          gop_tree_mode_default ::= SHOW_TREE_KW * gop_tree_mode SEMICOLON
          gop_tree_mode ::= * NO_TREE_KW
          gop_tree_mode ::= * PDU_TREE_KW
          gop_tree_mode ::= * FRAME_TREE_KW
          gop_tree_mode ::= * BASIC_TREE_KW

                    NO_TREE_KW shift  259
                   PDU_TREE_KW shift  257
                 FRAME_TREE_KW shift  256
                 BASIC_TREE_KW shift  254
                 gop_tree_mode shift  173

State 17:
          show_goptree_statement ::= SHOW_TREE_KW * gop_tree_mode SEMICOLON
          gop_tree_mode ::= * NO_TREE_KW
          gop_tree_mode ::= * PDU_TREE_KW
          gop_tree_mode ::= * FRAME_TREE_KW
          gop_tree_mode ::= * BASIC_TREE_KW

                    NO_TREE_KW shift  259
                   PDU_TREE_KW shift  257
                 FRAME_TREE_KW shift  256
                 BASIC_TREE_KW shift  254
                 gop_tree_mode shift  125

State 18:
          transform_match ::= MATCH_KW * match_mode avpl
     (62) match_mode ::= *
          match_mode ::= * STRICT_KW
          match_mode ::= * EVERY_KW
          match_mode ::= * LOOSE_KW

                     STRICT_KW shift  190
                      EVERY_KW shift  189
                      LOOSE_KW shift  188
                    match_mode shift  60
                     {default} reduce 62

State 19:
     (62) match_mode ::= *
          match_mode ::= * STRICT_KW
          match_mode ::= * EVERY_KW
          match_mode ::= * LOOSE_KW
          criteria_statement ::= CRITERIA_KW accept_mode * match_mode avpl SEMICOLON

                     STRICT_KW shift  190
                      EVERY_KW shift  189
                      LOOSE_KW shift  188
                    match_mode shift  59
                     {default} reduce 62

State 20:
          gog_goptree_default ::= GOP_TREE_KW * gop_tree_type SEMICOLON
          gop_tree_type ::= * NULL_TREE_KW
          gop_tree_type ::= * FULL_TREE_KW
          gop_tree_type ::= * BASIC_TREE_KW

                 BASIC_TREE_KW shift  242
                  NULL_TREE_KW shift  245
                  FULL_TREE_KW shift  244
                 gop_tree_type shift  143

State 21:
          gog_goptree_statement ::= GOP_TREE_KW * gop_tree_type SEMICOLON
          gop_tree_type ::= * NULL_TREE_KW
          gop_tree_type ::= * FULL_TREE_KW
          gop_tree_type ::= * BASIC_TREE_KW

                 BASIC_TREE_KW shift  242
                  NULL_TREE_KW shift  245
                  FULL_TREE_KW shift  244
                 gop_tree_type shift  170

State 22:
          pdu_drop_unassigned_default ::= DROP_UNASSIGNED_KW * true_false SEMICOLON
          true_false ::= * TRUE_KW
          true_false ::= * FALSE_KW

                       TRUE_KW shift  250
                      FALSE_KW shift  248
                    true_false shift  114

State 23:
          pdu_discard_default ::= DISCARD_PDU_DATA_KW * true_false SEMICOLON
          true_false ::= * TRUE_KW
          true_false ::= * FALSE_KW

                       TRUE_KW shift  250
                      FALSE_KW shift  248
                    true_false shift  111

State 24:
          gop_expiration_default ::= EXPIRATION_KW * time_value SEMICOLON
          time_value ::= * FLOATING
          time_value ::= * INTEGER

                       INTEGER shift  238
                      FLOATING shift  239
                    time_value shift  144

State 25:
          gop_idle_timeout_default ::= IDLE_TIMEOUT_KW * time_value SEMICOLON
          time_value ::= * FLOATING
          time_value ::= * INTEGER

                       INTEGER shift  238
                      FLOATING shift  239
                    time_value shift  168

State 26:
          gop_lifetime_default ::= LIFETIME_KW * time_value SEMICOLON
          time_value ::= * FLOATING
          time_value ::= * INTEGER

                       INTEGER shift  238
                      FLOATING shift  239
                    time_value shift  133

State 27:
          discard_pdu_data_statement ::= DISCARD_PDU_DATA_KW * true_false SEMICOLON
          true_false ::= * TRUE_KW
          true_false ::= * FALSE_KW

                       TRUE_KW shift  250
                      FALSE_KW shift  248
                    true_false shift  181

State 28:
          criteria_statement ::= CRITERIA_KW * accept_mode match_mode avpl SEMICOLON
     (74) accept_mode ::= *
          accept_mode ::= * ACCEPT_KW
          accept_mode ::= * REJECT_KW

                     ACCEPT_KW shift  193
                     REJECT_KW shift  194
                   accept_mode shift  19
                     {default} reduce 74

State 29:
          show_times_statement ::= SHOW_TIMES_KW * true_false SEMICOLON
          true_false ::= * TRUE_KW
          true_false ::= * FALSE_KW

                       TRUE_KW shift  250
                      FALSE_KW shift  248
                    true_false shift  118

State 30:
          gop_show_times_default ::= SHOW_TIMES_KW * true_false SEMICOLON
          true_false ::= * TRUE_KW
          true_false ::= * FALSE_KW

                       TRUE_KW shift  250
                      FALSE_KW shift  248
                    true_false shift  112

State 31:
          time_value ::= * FLOATING
          time_value ::= * INTEGER
          gog_expiration_statement ::= EXPIRATION_KW * time_value SEMICOLON

                       INTEGER shift  238
                      FLOATING shift  239
                    time_value shift  171

State 32:
          gop_drop_unassigned_statement ::= DROP_UNASSIGNED_KW * true_false SEMICOLON
          true_false ::= * TRUE_KW
          true_false ::= * FALSE_KW

                       TRUE_KW shift  250
                      FALSE_KW shift  248
                    true_false shift  134

State 33:
          gog_expiration_default ::= EXPIRATION_KW * time_value SEMICOLON
          time_value ::= * FLOATING
          time_value ::= * INTEGER

                       INTEGER shift  238
                      FLOATING shift  239
                    time_value shift  129

State 34:
          pdu_drop_unassigned_statement ::= DROP_UNASSIGNED_KW * true_false SEMICOLON
          true_false ::= * TRUE_KW
          true_false ::= * FALSE_KW

                       TRUE_KW shift  250
                      FALSE_KW shift  248
                    true_false shift  162

State 35:
          lifetime_statement ::= LIFETIME_KW * time_value SEMICOLON
          time_value ::= * FLOATING
          time_value ::= * INTEGER

                       INTEGER shift  238
                      FLOATING shift  239
                    time_value shift  138

State 36:
          idle_timeout_statement ::= IDLE_TIMEOUT_KW * time_value SEMICOLON
          time_value ::= * FLOATING
          time_value ::= * INTEGER

                       INTEGER shift  238
                      FLOATING shift  239
                    time_value shift  146

State 37:
          last_extracted_statement ::= LAST_PDU_KW * true_false SEMICOLON
          true_false ::= * TRUE_KW
          true_false ::= * FALSE_KW

                       TRUE_KW shift  250
                      FALSE_KW shift  248
                    true_false shift  180

State 38:
          gop_drop_unassigned_default ::= DROP_UNASSIGNED_KW * true_false SEMICOLON
          true_false ::= * TRUE_KW
          true_false ::= * FALSE_KW

                       TRUE_KW shift  250
                      FALSE_KW shift  248
                    true_false shift  182

State 39:
          gop_expiration_statement ::= EXPIRATION_KW * time_value SEMICOLON
          time_value ::= * FLOATING
          time_value ::= * INTEGER

                       INTEGER shift  238
                      FLOATING shift  239
                    time_value shift  149

State 40:
          gog_show_times_default ::= SHOW_TIMES_KW * true_false SEMICOLON
          true_false ::= * TRUE_KW
          true_false ::= * FALSE_KW

                       TRUE_KW shift  250
                      FALSE_KW shift  248
                    true_false shift  151

State 41:
          pdu_last_extracted_default ::= LAST_EXTRACTED_KW * true_false SEMICOLON
          true_false ::= * TRUE_KW
          true_false ::= * FALSE_KW

                       TRUE_KW shift  250
                      FALSE_KW shift  248
                    true_false shift  117

State 42:
          defaults_decl ::= DEFAULT_KW OPEN_BRACE pdu_defaults * gop_defaults gog_defaults CLOSE_BRACE SEMICOLON
          gop_defaults ::= * GOP_KW OPEN_BRACE gop_expiration_default gop_idle_timeout_default gop_lifetime_default gop_drop_unassigned_default gop_tree_mode_default gop_show_times_default CLOSE_BRACE SEMICOLON
     (32) gop_defaults ::= *

                        GOP_KW shift  124
                  gop_defaults shift  43
                     {default} reduce 32

State 43:
          defaults_decl ::= DEFAULT_KW OPEN_BRACE pdu_defaults gop_defaults * gog_defaults CLOSE_BRACE SEMICOLON
          gog_defaults ::= * GOG_KW OPEN_BRACE gog_expiration_default gop_tree_mode_default gog_goptree_default gog_show_times_default CLOSE_BRACE SEMICOLON
     (46) gog_defaults ::= *

                        GOG_KW shift  174
                  gog_defaults shift  179
                     {default} reduce 46

State 44:
          gog_key_statement ::= MEMBER_KW gop_name * avpl SEMICOLON
          avpl ::= * OPEN_PARENS avps CLOSE_PARENS
          avpl ::= * OPEN_PARENS CLOSE_PARENS

                   OPEN_PARENS shift  8
                          avpl shift  142

State 45:
          gog_key_statement ::= MEMBER_KW * gop_name avpl SEMICOLON
          gop_name ::= * NAME

                          NAME shift  285
                      gop_name shift  44

State 46:
          pdu_decl ::= PDU_KW NAME PROTO_KW field TRANSPORT_KW proto_stack OPEN_BRACE payload_statement extraction_statements transform_list_statement criteria_statement pdu_drop_unassigned_statement discard_pdu_data_statement * last_extracted_statement CLOSE_BRACE SEMICOLON
          last_extracted_statement ::= * LAST_PDU_KW true_false SEMICOLON
     (85) last_extracted_statement ::= *

                   LAST_PDU_KW shift  37
      last_extracted_statement shift  176
                     {default} reduce 85

State 47:
          pdu_decl ::= PDU_KW NAME PROTO_KW field TRANSPORT_KW proto_stack OPEN_BRACE payload_statement extraction_statements transform_list_statement criteria_statement pdu_drop_unassigned_statement * discard_pdu_data_statement last_extracted_statement CLOSE_BRACE SEMICOLON
          discard_pdu_data_statement ::= * DISCARD_PDU_DATA_KW true_false SEMICOLON
     (83) discard_pdu_data_statement ::= *

           DISCARD_PDU_DATA_KW shift  27
    discard_pdu_data_statement shift  46
                     {default} reduce 83

State 48:
          gog_defaults ::= GOG_KW OPEN_BRACE * gog_expiration_default gop_tree_mode_default gog_goptree_default gog_show_times_default CLOSE_BRACE SEMICOLON
          gog_expiration_default ::= * EXPIRATION_KW time_value SEMICOLON
     (48) gog_expiration_default ::= *

                 EXPIRATION_KW shift  33
        gog_expiration_default shift  49
                     {default} reduce 48

State 49:
          gop_tree_mode_default ::= * SHOW_TREE_KW gop_tree_mode SEMICOLON
     (42) gop_tree_mode_default ::= *
          gog_defaults ::= GOG_KW OPEN_BRACE gog_expiration_default * gop_tree_mode_default gog_goptree_default gog_show_times_default CLOSE_BRACE SEMICOLON

                  SHOW_TREE_KW shift  16
         gop_tree_mode_default shift  57
                     {default} reduce 42

State 50:
          defaults_decl ::= DEFAULT_KW OPEN_BRACE * pdu_defaults gop_defaults gog_defaults CLOSE_BRACE SEMICOLON
          pdu_defaults ::= * PDU_KW OPEN_BRACE pdu_last_extracted_default pdu_drop_unassigned_default pdu_discard_default CLOSE_BRACE SEMICOLON
     (24) pdu_defaults ::= *

                        PDU_KW shift  135
                  pdu_defaults shift  42
                     {default} reduce 24

State 51:
          pdu_decl ::= PDU_KW NAME PROTO_KW field TRANSPORT_KW proto_stack OPEN_BRACE payload_statement extraction_statements transform_list_statement criteria_statement * pdu_drop_unassigned_statement discard_pdu_data_statement last_extracted_statement CLOSE_BRACE SEMICOLON
          pdu_drop_unassigned_statement ::= * DROP_UNASSIGNED_KW true_false SEMICOLON
     (81) pdu_drop_unassigned_statement ::= *

            DROP_UNASSIGNED_KW shift  34
 pdu_drop_unassigned_statement shift  47
                     {default} reduce 81

State 52:
          pdu_decl ::= PDU_KW NAME PROTO_KW field TRANSPORT_KW proto_stack OPEN_BRACE payload_statement extraction_statements transform_list_statement * criteria_statement pdu_drop_unassigned_statement discard_pdu_data_statement last_extracted_statement CLOSE_BRACE SEMICOLON
     (72) criteria_statement ::= *
          criteria_statement ::= * CRITERIA_KW accept_mode match_mode avpl SEMICOLON

                   CRITERIA_KW shift  28
            criteria_statement shift  51
                     {default} reduce 72

State 53:
          gop_start_statement ::= START_KW * avpl SEMICOLON
          avpl ::= * OPEN_PARENS avps CLOSE_PARENS
          avpl ::= * OPEN_PARENS CLOSE_PARENS

                   OPEN_PARENS shift  8
                          avpl shift  172

State 54:
          pdu_decl ::= PDU_KW NAME PROTO_KW field TRANSPORT_KW proto_stack OPEN_BRACE * payload_statement extraction_statements transform_list_statement criteria_statement pdu_drop_unassigned_statement discard_pdu_data_statement last_extracted_statement CLOSE_BRACE SEMICOLON
     (70) payload_statement ::= *
          payload_statement ::= * PAYLOAD_KW proto_stack SEMICOLON

                    PAYLOAD_KW shift  10
             payload_statement shift  11
                     {default} reduce 70

State 55:
          gop_stop_statement ::= STOP_KW * avpl SEMICOLON
          avpl ::= * OPEN_PARENS avps CLOSE_PARENS
          avpl ::= * OPEN_PARENS CLOSE_PARENS

                   OPEN_PARENS shift  8
                          avpl shift  169

State 56:
          pdu_decl ::= PDU_KW NAME PROTO_KW * field TRANSPORT_KW proto_stack OPEN_BRACE payload_statement extraction_statements transform_list_statement criteria_statement pdu_drop_unassigned_statement discard_pdu_data_statement last_extracted_statement CLOSE_BRACE SEMICOLON
          field ::= * NAME

                          NAME shift  201
                         field shift  166

State 57:
          gog_defaults ::= GOG_KW OPEN_BRACE gog_expiration_default gop_tree_mode_default * gog_goptree_default gog_show_times_default CLOSE_BRACE SEMICOLON
          gog_goptree_default ::= * GOP_TREE_KW gop_tree_type SEMICOLON
     (50) gog_goptree_default ::= *

                   GOP_TREE_KW shift  20
           gog_goptree_default shift  58
                     {default} reduce 50

State 58:
          gog_defaults ::= GOG_KW OPEN_BRACE gog_expiration_default gop_tree_mode_default gog_goptree_default * gog_show_times_default CLOSE_BRACE SEMICOLON
          gog_show_times_default ::= * SHOW_TIMES_KW true_false SEMICOLON
     (52) gog_show_times_default ::= *

                 SHOW_TIMES_KW shift  40
        gog_show_times_default shift  159
                     {default} reduce 52

State 59:
          criteria_statement ::= CRITERIA_KW accept_mode match_mode * avpl SEMICOLON
          avpl ::= * OPEN_PARENS avps CLOSE_PARENS
          avpl ::= * OPEN_PARENS CLOSE_PARENS

                   OPEN_PARENS shift  8
                          avpl shift  158

State 60:
          transform_match ::= MATCH_KW match_mode * avpl
          avpl ::= * OPEN_PARENS avps CLOSE_PARENS
          avpl ::= * OPEN_PARENS CLOSE_PARENS

                   OPEN_PARENS shift  8
                          avpl shift  191

State 61:
          extra_statement ::= EXTRA_KW * avpl SEMICOLON
          avpl ::= * OPEN_PARENS avps CLOSE_PARENS
          avpl ::= * OPEN_PARENS CLOSE_PARENS

                   OPEN_PARENS shift  8
                          avpl shift  165

State 62:
          extraction_statement ::= EXTRACT_KW NAME FROM_KW * field SEMICOLON
          field ::= * NAME

                          NAME shift  201
                         field shift  152

State 63:
          debug_decl ::= DEBUG_KW OPEN_BRACE * dbgfile_default dbglevel_default pdu_dbglevel_default gop_dbglevel_default gog_dbglevel_default CLOSE_BRACE SEMICOLON
          dbgfile_default ::= * FILENAME_KW QUOTED SEMICOLON
          dbgfile_default ::= * FILENAME_KW NAME SEMICOLON
     (13) dbgfile_default ::= *

                   FILENAME_KW shift  103
               dbgfile_default shift  64
                     {default} reduce 13

State 64:
          debug_decl ::= DEBUG_KW OPEN_BRACE dbgfile_default * dbglevel_default pdu_dbglevel_default gop_dbglevel_default gog_dbglevel_default CLOSE_BRACE SEMICOLON
          dbglevel_default ::= * LEVEL_KW INTEGER SEMICOLON
     (15) dbglevel_default ::= *

                      LEVEL_KW shift  126
              dbglevel_default shift  66
                     {default} reduce 15

State 65:
          transform_list ::= transform_list COMMA * transform
          transform ::= * NAME

                          NAME shift  207
                     transform shift  206

State 66:
          debug_decl ::= DEBUG_KW OPEN_BRACE dbgfile_default dbglevel_default * pdu_dbglevel_default gop_dbglevel_default gog_dbglevel_default CLOSE_BRACE SEMICOLON
          pdu_dbglevel_default ::= * PDU_KW LEVEL_KW INTEGER SEMICOLON
     (17) pdu_dbglevel_default ::= *

                        PDU_KW shift  109
          pdu_dbglevel_default shift  67
                     {default} reduce 17

State 67:
          debug_decl ::= DEBUG_KW OPEN_BRACE dbgfile_default dbglevel_default pdu_dbglevel_default * gop_dbglevel_default gog_dbglevel_default CLOSE_BRACE SEMICOLON
          gop_dbglevel_default ::= * GOP_KW LEVEL_KW INTEGER SEMICOLON
     (19) gop_dbglevel_default ::= *

                        GOP_KW shift  147
          gop_dbglevel_default shift  70
                     {default} reduce 19

State 68:
          proto_stack ::= proto_stack SLASH * field
          field ::= * NAME

                          NAME shift  201
                         field shift  214

State 69:
          gop_decl ::= GOP_KW NAME ON_KW * pdu_name MATCH_KW avpl OPEN_BRACE gop_start_statement gop_stop_statement extra_statement transform_list_statement gop_expiration_statement idle_timeout_statement lifetime_statement gop_drop_unassigned_statement show_goptree_statement show_times_statement CLOSE_BRACE SEMICOLON
          pdu_name ::= * NAME

                          NAME shift  262
                      pdu_name shift  136

State 70:
          debug_decl ::= DEBUG_KW OPEN_BRACE dbgfile_default dbglevel_default pdu_dbglevel_default gop_dbglevel_default * gog_dbglevel_default CLOSE_BRACE SEMICOLON
          gog_dbglevel_default ::= * GOG_KW LEVEL_KW INTEGER SEMICOLON
     (21) gog_dbglevel_default ::= *

                        GOG_KW shift  123
          gog_dbglevel_default shift  132
                     {default} reduce 21

State 71:
          avps ::= avps COMMA * avp
          avp ::= * NAME AVP_OPERATOR value
          avp ::= * NAME
          avp ::= * NAME OPEN_BRACE avp_oneoff CLOSE_BRACE

                          NAME shift  102
                           avp shift  219

State 72:
          gop_decl ::= GOP_KW NAME ON_KW pdu_name MATCH_KW * avpl OPEN_BRACE gop_start_statement gop_stop_statement extra_statement transform_list_statement gop_expiration_statement idle_timeout_statement lifetime_statement gop_drop_unassigned_statement show_goptree_statement show_times_statement CLOSE_BRACE SEMICOLON
          avpl ::= * OPEN_PARENS avps CLOSE_PARENS
          avpl ::= * OPEN_PARENS CLOSE_PARENS

                   OPEN_PARENS shift  8
                          avpl shift  131

State 73:
          transform_action ::= action_mode * avpl
          avpl ::= * OPEN_PARENS avps CLOSE_PARENS
          avpl ::= * OPEN_PARENS CLOSE_PARENS

                   OPEN_PARENS shift  8
                          avpl shift  221

State 74:
          gop_decl ::= GOP_KW NAME ON_KW pdu_name MATCH_KW avpl OPEN_BRACE * gop_start_statement gop_stop_statement extra_statement transform_list_statement gop_expiration_statement idle_timeout_statement lifetime_statement gop_drop_unassigned_statement show_goptree_statement show_times_statement CLOSE_BRACE SEMICOLON
          gop_start_statement ::= * START_KW avpl SEMICOLON
     (93) gop_start_statement ::= *

                      START_KW shift  53
           gop_start_statement shift  75
                     {default} reduce 93

State 75:
          gop_decl ::= GOP_KW NAME ON_KW pdu_name MATCH_KW avpl OPEN_BRACE gop_start_statement * gop_stop_statement extra_statement transform_list_statement gop_expiration_statement idle_timeout_statement lifetime_statement gop_drop_unassigned_statement show_goptree_statement show_times_statement CLOSE_BRACE SEMICOLON
          gop_stop_statement ::= * STOP_KW avpl SEMICOLON
     (95) gop_stop_statement ::= *

                       STOP_KW shift  55
            gop_stop_statement shift  76
                     {default} reduce 95

State 76:
          gop_decl ::= GOP_KW NAME ON_KW pdu_name MATCH_KW avpl OPEN_BRACE gop_start_statement gop_stop_statement * extra_statement transform_list_statement gop_expiration_statement idle_timeout_statement lifetime_statement gop_drop_unassigned_statement show_goptree_statement show_times_statement CLOSE_BRACE SEMICOLON
          extra_statement ::= * EXTRA_KW avpl SEMICOLON
    (128) extra_statement ::= *

                      EXTRA_KW shift  61
               extra_statement shift  85
                     {default} reduce 128

State 77:
          gog_decl ::= GOG_KW NAME OPEN_BRACE gog_key_statements extra_statement * transform_list_statement gog_expiration_statement gog_goptree_statement show_times_statement CLOSE_BRACE SEMICOLON
          transform_list_statement ::= * TRANSFORM_KW transform_list SEMICOLON
    (130) transform_list_statement ::= *

                  TRANSFORM_KW shift  12
      transform_list_statement shift  92
                     {default} reduce 130

State 78:
          show_times_statement ::= * SHOW_TIMES_KW true_false SEMICOLON
     (99) show_times_statement ::= *
          gog_decl ::= GOG_KW NAME OPEN_BRACE gog_key_statements extra_statement transform_list_statement gog_expiration_statement gog_goptree_statement * show_times_statement CLOSE_BRACE SEMICOLON

                 SHOW_TIMES_KW shift  29
          show_times_statement shift  160
                     {default} reduce 99

State 79:
          gop_defaults ::= GOP_KW OPEN_BRACE * gop_expiration_default gop_idle_timeout_default gop_lifetime_default gop_drop_unassigned_default gop_tree_mode_default gop_show_times_default CLOSE_BRACE SEMICOLON
          gop_expiration_default ::= * EXPIRATION_KW time_value SEMICOLON
     (34) gop_expiration_default ::= *

                 EXPIRATION_KW shift  24
        gop_expiration_default shift  80
                     {default} reduce 34

State 80:
          gop_defaults ::= GOP_KW OPEN_BRACE gop_expiration_default * gop_idle_timeout_default gop_lifetime_default gop_drop_unassigned_default gop_tree_mode_default gop_show_times_default CLOSE_BRACE SEMICOLON
          gop_idle_timeout_default ::= * IDLE_TIMEOUT_KW time_value SEMICOLON
     (36) gop_idle_timeout_default ::= *

               IDLE_TIMEOUT_KW shift  25
      gop_idle_timeout_default shift  81
                     {default} reduce 36

State 81:
          gop_defaults ::= GOP_KW OPEN_BRACE gop_expiration_default gop_idle_timeout_default * gop_lifetime_default gop_drop_unassigned_default gop_tree_mode_default gop_show_times_default CLOSE_BRACE SEMICOLON
          gop_lifetime_default ::= * LIFETIME_KW time_value SEMICOLON
     (38) gop_lifetime_default ::= *

                   LIFETIME_KW shift  26
          gop_lifetime_default shift  82
                     {default} reduce 38

State 82:
          gop_defaults ::= GOP_KW OPEN_BRACE gop_expiration_default gop_idle_timeout_default gop_lifetime_default * gop_drop_unassigned_default gop_tree_mode_default gop_show_times_default CLOSE_BRACE SEMICOLON
          gop_drop_unassigned_default ::= * DROP_UNASSIGNED_KW true_false SEMICOLON
     (40) gop_drop_unassigned_default ::= *

            DROP_UNASSIGNED_KW shift  38
   gop_drop_unassigned_default shift  83
                     {default} reduce 40

State 83:
          gop_defaults ::= GOP_KW OPEN_BRACE gop_expiration_default gop_idle_timeout_default gop_lifetime_default gop_drop_unassigned_default * gop_tree_mode_default gop_show_times_default CLOSE_BRACE SEMICOLON
          gop_tree_mode_default ::= * SHOW_TREE_KW gop_tree_mode SEMICOLON
     (42) gop_tree_mode_default ::= *

                  SHOW_TREE_KW shift  16
         gop_tree_mode_default shift  84
                     {default} reduce 42

State 84:
          gop_defaults ::= GOP_KW OPEN_BRACE gop_expiration_default gop_idle_timeout_default gop_lifetime_default gop_drop_unassigned_default gop_tree_mode_default * gop_show_times_default CLOSE_BRACE SEMICOLON
          gop_show_times_default ::= * SHOW_TIMES_KW true_false SEMICOLON
     (44) gop_show_times_default ::= *

                 SHOW_TIMES_KW shift  30
        gop_show_times_default shift  122
                     {default} reduce 44

State 85:
          gop_decl ::= GOP_KW NAME ON_KW pdu_name MATCH_KW avpl OPEN_BRACE gop_start_statement gop_stop_statement extra_statement * transform_list_statement gop_expiration_statement idle_timeout_statement lifetime_statement gop_drop_unassigned_statement show_goptree_statement show_times_statement CLOSE_BRACE SEMICOLON
          transform_list_statement ::= * TRANSFORM_KW transform_list SEMICOLON
    (130) transform_list_statement ::= *

                  TRANSFORM_KW shift  12
      transform_list_statement shift  87
                     {default} reduce 130

State 86:
          transform_decl ::= TRANSFORM_KW NAME * transform_body SEMICOLON
          transform_body ::= * OPEN_BRACE transform_statements CLOSE_BRACE

                    OPEN_BRACE shift  2
                transform_body shift  121

State 87:
          gop_decl ::= GOP_KW NAME ON_KW pdu_name MATCH_KW avpl OPEN_BRACE gop_start_statement gop_stop_statement extra_statement transform_list_statement * gop_expiration_statement idle_timeout_statement lifetime_statement gop_drop_unassigned_statement show_goptree_statement show_times_statement CLOSE_BRACE SEMICOLON
          gop_expiration_statement ::= * EXPIRATION_KW time_value SEMICOLON
    (101) gop_expiration_statement ::= *

                 EXPIRATION_KW shift  39
      gop_expiration_statement shift  88
                     {default} reduce 101

State 88:
          gop_decl ::= GOP_KW NAME ON_KW pdu_name MATCH_KW avpl OPEN_BRACE gop_start_statement gop_stop_statement extra_statement transform_list_statement gop_expiration_statement * idle_timeout_statement lifetime_statement gop_drop_unassigned_statement show_goptree_statement show_times_statement CLOSE_BRACE SEMICOLON
          idle_timeout_statement ::= * IDLE_TIMEOUT_KW time_value SEMICOLON
    (103) idle_timeout_statement ::= *

               IDLE_TIMEOUT_KW shift  36
        idle_timeout_statement shift  89
                     {default} reduce 103

State 89:
          gop_decl ::= GOP_KW NAME ON_KW pdu_name MATCH_KW avpl OPEN_BRACE gop_start_statement gop_stop_statement extra_statement transform_list_statement gop_expiration_statement idle_timeout_statement * lifetime_statement gop_drop_unassigned_statement show_goptree_statement show_times_statement CLOSE_BRACE SEMICOLON
          lifetime_statement ::= * LIFETIME_KW time_value SEMICOLON
    (105) lifetime_statement ::= *

                   LIFETIME_KW shift  35
            lifetime_statement shift  91
                     {default} reduce 105

State 90:
          gog_decl ::= GOG_KW NAME OPEN_BRACE gog_key_statements extra_statement transform_list_statement gog_expiration_statement * gog_goptree_statement show_times_statement CLOSE_BRACE SEMICOLON
          gog_goptree_statement ::= * GOP_TREE_KW gop_tree_type SEMICOLON
    (117) gog_goptree_statement ::= *

                   GOP_TREE_KW shift  21
         gog_goptree_statement shift  78
                     {default} reduce 117

State 91:
          gop_decl ::= GOP_KW NAME ON_KW pdu_name MATCH_KW avpl OPEN_BRACE gop_start_statement gop_stop_statement extra_statement transform_list_statement gop_expiration_statement idle_timeout_statement lifetime_statement * gop_drop_unassigned_statement show_goptree_statement show_times_statement CLOSE_BRACE SEMICOLON
          gop_drop_unassigned_statement ::= * DROP_UNASSIGNED_KW true_false SEMICOLON
     (91) gop_drop_unassigned_statement ::= *

            DROP_UNASSIGNED_KW shift  32
 gop_drop_unassigned_statement shift  96
                     {default} reduce 91

State 92:
          gog_decl ::= GOG_KW NAME OPEN_BRACE gog_key_statements extra_statement transform_list_statement * gog_expiration_statement gog_goptree_statement show_times_statement CLOSE_BRACE SEMICOLON
          gog_expiration_statement ::= * EXPIRATION_KW time_value SEMICOLON
    (119) gog_expiration_statement ::= *

                 EXPIRATION_KW shift  31
      gog_expiration_statement shift  90
                     {default} reduce 119

State 93:
          pdu_defaults ::= PDU_KW OPEN_BRACE pdu_last_extracted_default pdu_drop_unassigned_default * pdu_discard_default CLOSE_BRACE SEMICOLON
          pdu_discard_default ::= * DISCARD_PDU_DATA_KW true_false SEMICOLON
     (30) pdu_discard_default ::= *

           DISCARD_PDU_DATA_KW shift  23
           pdu_discard_default shift  107
                     {default} reduce 30

State 94:
          pdu_defaults ::= PDU_KW OPEN_BRACE pdu_last_extracted_default * pdu_drop_unassigned_default pdu_discard_default CLOSE_BRACE SEMICOLON
          pdu_drop_unassigned_default ::= * DROP_UNASSIGNED_KW true_false SEMICOLON
     (28) pdu_drop_unassigned_default ::= *

            DROP_UNASSIGNED_KW shift  22
   pdu_drop_unassigned_default shift  93
                     {default} reduce 28

State 95:
          pdu_defaults ::= PDU_KW OPEN_BRACE * pdu_last_extracted_default pdu_drop_unassigned_default pdu_discard_default CLOSE_BRACE SEMICOLON
          pdu_last_extracted_default ::= * LAST_EXTRACTED_KW true_false SEMICOLON
     (26) pdu_last_extracted_default ::= *

             LAST_EXTRACTED_KW shift  41
    pdu_last_extracted_default shift  94
                     {default} reduce 26

State 96:
          gop_decl ::= GOP_KW NAME ON_KW pdu_name MATCH_KW avpl OPEN_BRACE gop_start_statement gop_stop_statement extra_statement transform_list_statement gop_expiration_statement idle_timeout_statement lifetime_statement gop_drop_unassigned_statement * show_goptree_statement show_times_statement CLOSE_BRACE SEMICOLON
          show_goptree_statement ::= * SHOW_TREE_KW gop_tree_mode SEMICOLON
     (97) show_goptree_statement ::= *

                  SHOW_TREE_KW shift  17
        show_goptree_statement shift  97
                     {default} reduce 97

State 97:
          gop_decl ::= GOP_KW NAME ON_KW pdu_name MATCH_KW avpl OPEN_BRACE gop_start_statement gop_stop_statement extra_statement transform_list_statement gop_expiration_statement idle_timeout_statement lifetime_statement gop_drop_unassigned_statement show_goptree_statement * show_times_statement CLOSE_BRACE SEMICOLON
          show_times_statement ::= * SHOW_TIMES_KW true_false SEMICOLON
     (99) show_times_statement ::= *

                 SHOW_TIMES_KW shift  29
          show_times_statement shift  137
                     {default} reduce 99

State 98:
          avpl ::= OPEN_PARENS avps * CLOSE_PARENS
          avps ::= avps * COMMA avp

                         COMMA shift  71
                  CLOSE_PARENS shift  220

State 99:
          transform_list_statement ::= TRANSFORM_KW transform_list * SEMICOLON
          transform_list ::= transform_list * COMMA transform

                     SEMICOLON shift  204
                         COMMA shift  65

State 100:
          avp ::= NAME OPEN_BRACE avp_oneoff * CLOSE_BRACE
          avp_oneoff ::= avp_oneoff * PIPE value

                   CLOSE_BRACE shift  205
                          PIPE shift  15

State 101:
          payload_statement ::= PAYLOAD_KW proto_stack * SEMICOLON
          proto_stack ::= proto_stack * SLASH field

                     SEMICOLON shift  212
                         SLASH shift  68

State 102:
          avp ::= NAME * AVP_OPERATOR value
    (139) avp ::= NAME *
          avp ::= NAME * OPEN_BRACE avp_oneoff CLOSE_BRACE

                    OPEN_BRACE shift  3
                  AVP_OPERATOR shift  14
                     {default} reduce 139

State 103:
          dbgfile_default ::= FILENAME_KW * QUOTED SEMICOLON
          dbgfile_default ::= FILENAME_KW * NAME SEMICOLON

                        QUOTED shift  139
                          NAME shift  145

State 104:
          pdu_decl ::= PDU_KW NAME PROTO_KW field TRANSPORT_KW proto_stack * OPEN_BRACE payload_statement extraction_statements transform_list_statement criteria_statement pdu_drop_unassigned_statement discard_pdu_data_statement last_extracted_statement CLOSE_BRACE SEMICOLON
          proto_stack ::= proto_stack * SLASH field

                    OPEN_BRACE shift  54
                         SLASH shift  68

State 105:
          gop_dbglevel_default ::= GOP_KW LEVEL_KW INTEGER * SEMICOLON

                     SEMICOLON shift  268

State 106:
          gop_decl ::= GOP_KW NAME ON_KW pdu_name MATCH_KW avpl OPEN_BRACE gop_start_statement gop_stop_statement extra_statement transform_list_statement gop_expiration_statement idle_timeout_statement lifetime_statement gop_drop_unassigned_statement show_goptree_statement show_times_statement CLOSE_BRACE * SEMICOLON

                     SEMICOLON shift  234

State 107:
          pdu_defaults ::= PDU_KW OPEN_BRACE pdu_last_extracted_default pdu_drop_unassigned_default pdu_discard_default * CLOSE_BRACE SEMICOLON

                   CLOSE_BRACE shift  108

State 108:
          pdu_defaults ::= PDU_KW OPEN_BRACE pdu_last_extracted_default pdu_drop_unassigned_default pdu_discard_default CLOSE_BRACE * SEMICOLON

                     SEMICOLON shift  229

State 109:
          pdu_dbglevel_default ::= PDU_KW * LEVEL_KW INTEGER SEMICOLON

                      LEVEL_KW shift  110

State 110:
          pdu_dbglevel_default ::= PDU_KW LEVEL_KW * INTEGER SEMICOLON

                       INTEGER shift  115

State 111:
          pdu_discard_default ::= DISCARD_PDU_DATA_KW true_false * SEMICOLON

                     SEMICOLON shift  228

State 112:
          gop_show_times_default ::= SHOW_TIMES_KW true_false * SEMICOLON

                     SEMICOLON shift  235

State 113:
          gog_dbglevel_default ::= GOG_KW LEVEL_KW INTEGER * SEMICOLON

                     SEMICOLON shift  269

State 114:
          pdu_drop_unassigned_default ::= DROP_UNASSIGNED_KW true_false * SEMICOLON

                     SEMICOLON shift  227

State 115:
          pdu_dbglevel_default ::= PDU_KW LEVEL_KW INTEGER * SEMICOLON

                     SEMICOLON shift  267

State 116:
          gog_dbglevel_default ::= GOG_KW LEVEL_KW * INTEGER SEMICOLON

                       INTEGER shift  113

State 117:
          pdu_last_extracted_default ::= LAST_EXTRACTED_KW true_false * SEMICOLON

                     SEMICOLON shift  226

State 118:
          show_times_statement ::= SHOW_TIMES_KW true_false * SEMICOLON

                     SEMICOLON shift  237

State 119:
          transform_decl ::= TRANSFORM_KW * NAME transform_body SEMICOLON

                          NAME shift  86

State 120:
          gop_defaults ::= GOP_KW OPEN_BRACE gop_expiration_default gop_idle_timeout_default gop_lifetime_default gop_drop_unassigned_default gop_tree_mode_default gop_show_times_default CLOSE_BRACE * SEMICOLON

                     SEMICOLON shift  236

State 121:
          transform_decl ::= TRANSFORM_KW NAME transform_body * SEMICOLON

                     SEMICOLON shift  225

State 122:
          gop_defaults ::= GOP_KW OPEN_BRACE gop_expiration_default gop_idle_timeout_default gop_lifetime_default gop_drop_unassigned_default gop_tree_mode_default gop_show_times_default * CLOSE_BRACE SEMICOLON

                   CLOSE_BRACE shift  120

State 123:
          gog_dbglevel_default ::= GOG_KW * LEVEL_KW INTEGER SEMICOLON

                      LEVEL_KW shift  116

State 124:
          gop_defaults ::= GOP_KW * OPEN_BRACE gop_expiration_default gop_idle_timeout_default gop_lifetime_default gop_drop_unassigned_default gop_tree_mode_default gop_show_times_default CLOSE_BRACE SEMICOLON

                    OPEN_BRACE shift  79

State 125:
          show_goptree_statement ::= SHOW_TREE_KW gop_tree_mode * SEMICOLON

                     SEMICOLON shift  240

State 126:
          dbglevel_default ::= LEVEL_KW * INTEGER SEMICOLON

                       INTEGER shift  130

State 127:
          debug_decl ::= DEBUG_KW OPEN_BRACE dbgfile_default dbglevel_default pdu_dbglevel_default gop_dbglevel_default gog_dbglevel_default CLOSE_BRACE * SEMICOLON

                     SEMICOLON shift  270

State 128:
          transform_statement ::= transform_match transform_action * SEMICOLON

                     SEMICOLON shift  222

State 129:
          gog_expiration_default ::= EXPIRATION_KW time_value * SEMICOLON

                     SEMICOLON shift  241

State 130:
          dbglevel_default ::= LEVEL_KW INTEGER * SEMICOLON

                     SEMICOLON shift  266

State 131:
          gop_decl ::= GOP_KW NAME ON_KW pdu_name MATCH_KW avpl * OPEN_BRACE gop_start_statement gop_stop_statement extra_statement transform_list_statement gop_expiration_statement idle_timeout_statement lifetime_statement gop_drop_unassigned_statement show_goptree_statement show_times_statement CLOSE_BRACE SEMICOLON

                    OPEN_BRACE shift  74

State 132:
          debug_decl ::= DEBUG_KW OPEN_BRACE dbgfile_default dbglevel_default pdu_dbglevel_default gop_dbglevel_default gog_dbglevel_default * CLOSE_BRACE SEMICOLON

                   CLOSE_BRACE shift  127

State 133:
          gop_lifetime_default ::= LIFETIME_KW time_value * SEMICOLON

                     SEMICOLON shift  232

State 134:
          gop_drop_unassigned_statement ::= DROP_UNASSIGNED_KW true_false * SEMICOLON

                     SEMICOLON shift  243

State 135:
          pdu_defaults ::= PDU_KW * OPEN_BRACE pdu_last_extracted_default pdu_drop_unassigned_default pdu_discard_default CLOSE_BRACE SEMICOLON

                    OPEN_BRACE shift  95

State 136:
          gop_decl ::= GOP_KW NAME ON_KW pdu_name * MATCH_KW avpl OPEN_BRACE gop_start_statement gop_stop_statement extra_statement transform_list_statement gop_expiration_statement idle_timeout_statement lifetime_statement gop_drop_unassigned_statement show_goptree_statement show_times_statement CLOSE_BRACE SEMICOLON

                      MATCH_KW shift  72

State 137:
          gop_decl ::= GOP_KW NAME ON_KW pdu_name MATCH_KW avpl OPEN_BRACE gop_start_statement gop_stop_statement extra_statement transform_list_statement gop_expiration_statement idle_timeout_statement lifetime_statement gop_drop_unassigned_statement show_goptree_statement show_times_statement * CLOSE_BRACE SEMICOLON

                   CLOSE_BRACE shift  106

State 138:
          lifetime_statement ::= LIFETIME_KW time_value * SEMICOLON

                     SEMICOLON shift  246

State 139:
          dbgfile_default ::= FILENAME_KW QUOTED * SEMICOLON

                     SEMICOLON shift  265

State 140:
          gop_decl ::= GOP_KW NAME * ON_KW pdu_name MATCH_KW avpl OPEN_BRACE gop_start_statement gop_stop_statement extra_statement transform_list_statement gop_expiration_statement idle_timeout_statement lifetime_statement gop_drop_unassigned_statement show_goptree_statement show_times_statement CLOSE_BRACE SEMICOLON

                         ON_KW shift  69

State 141:
          gop_decl ::= GOP_KW * NAME ON_KW pdu_name MATCH_KW avpl OPEN_BRACE gop_start_statement gop_stop_statement extra_statement transform_list_statement gop_expiration_statement idle_timeout_statement lifetime_statement gop_drop_unassigned_statement show_goptree_statement show_times_statement CLOSE_BRACE SEMICOLON

                          NAME shift  140

State 142:
          gog_key_statement ::= MEMBER_KW gop_name avpl * SEMICOLON

                     SEMICOLON shift  284

State 143:
          gog_goptree_default ::= GOP_TREE_KW gop_tree_type * SEMICOLON

                     SEMICOLON shift  247

State 144:
          gop_expiration_default ::= EXPIRATION_KW time_value * SEMICOLON

                     SEMICOLON shift  230

State 145:
          dbgfile_default ::= FILENAME_KW NAME * SEMICOLON

                     SEMICOLON shift  264

State 146:
          idle_timeout_statement ::= IDLE_TIMEOUT_KW time_value * SEMICOLON

                     SEMICOLON shift  249

State 147:
          gop_dbglevel_default ::= GOP_KW * LEVEL_KW INTEGER SEMICOLON

                      LEVEL_KW shift  150

State 148:
          gog_decl ::= GOG_KW NAME * OPEN_BRACE gog_key_statements extra_statement transform_list_statement gog_expiration_statement gog_goptree_statement show_times_statement CLOSE_BRACE SEMICOLON

                    OPEN_BRACE shift  9

State 149:
          gop_expiration_statement ::= EXPIRATION_KW time_value * SEMICOLON

                     SEMICOLON shift  252

State 150:
          gop_dbglevel_default ::= GOP_KW LEVEL_KW * INTEGER SEMICOLON

                       INTEGER shift  105

State 151:
          gog_show_times_default ::= SHOW_TIMES_KW true_false * SEMICOLON

                     SEMICOLON shift  251

State 152:
          extraction_statement ::= EXTRACT_KW NAME FROM_KW field * SEMICOLON

                     SEMICOLON shift  200

State 153:
          defaults_decl ::= DEFAULT_KW * OPEN_BRACE pdu_defaults gop_defaults gog_defaults CLOSE_BRACE SEMICOLON

                    OPEN_BRACE shift  50

State 154:
          extraction_statement ::= EXTRACT_KW NAME * FROM_KW field SEMICOLON

                       FROM_KW shift  62

State 155:
          extraction_statement ::= EXTRACT_KW * NAME FROM_KW field SEMICOLON

                          NAME shift  154

State 156:
          debug_decl ::= DEBUG_KW * OPEN_BRACE dbgfile_default dbglevel_default pdu_dbglevel_default gop_dbglevel_default gog_dbglevel_default CLOSE_BRACE SEMICOLON

                    OPEN_BRACE shift  63

State 157:
          gog_defaults ::= GOG_KW OPEN_BRACE gog_expiration_default gop_tree_mode_default gog_goptree_default gog_show_times_default CLOSE_BRACE * SEMICOLON

                     SEMICOLON shift  253

State 158:
          criteria_statement ::= CRITERIA_KW accept_mode match_mode avpl * SEMICOLON

                     SEMICOLON shift  192

State 159:
          gog_defaults ::= GOG_KW OPEN_BRACE gog_expiration_default gop_tree_mode_default gog_goptree_default gog_show_times_default * CLOSE_BRACE SEMICOLON

                   CLOSE_BRACE shift  157

State 160:
          gog_decl ::= GOG_KW NAME OPEN_BRACE gog_key_statements extra_statement transform_list_statement gog_expiration_statement gog_goptree_statement show_times_statement * CLOSE_BRACE SEMICOLON

                   CLOSE_BRACE shift  167

State 161:
          decl ::= DONE_KW * SEMICOLON

                     SEMICOLON shift  271

State 162:
          pdu_drop_unassigned_statement ::= DROP_UNASSIGNED_KW true_false * SEMICOLON

                     SEMICOLON shift  187

State 163:
          pdu_decl ::= PDU_KW * NAME PROTO_KW field TRANSPORT_KW proto_stack OPEN_BRACE payload_statement extraction_statements transform_list_statement criteria_statement pdu_drop_unassigned_statement discard_pdu_data_statement last_extracted_statement CLOSE_BRACE SEMICOLON

                          NAME shift  164

State 164:
          pdu_decl ::= PDU_KW NAME * PROTO_KW field TRANSPORT_KW proto_stack OPEN_BRACE payload_statement extraction_statements transform_list_statement criteria_statement pdu_drop_unassigned_statement discard_pdu_data_statement last_extracted_statement CLOSE_BRACE SEMICOLON

                      PROTO_KW shift  56

State 165:
          extra_statement ::= EXTRA_KW avpl * SEMICOLON

                     SEMICOLON shift  255

State 166:
          pdu_decl ::= PDU_KW NAME PROTO_KW field * TRANSPORT_KW proto_stack OPEN_BRACE payload_statement extraction_statements transform_list_statement criteria_statement pdu_drop_unassigned_statement discard_pdu_data_statement last_extracted_statement CLOSE_BRACE SEMICOLON

                  TRANSPORT_KW shift  13

State 167:
          gog_decl ::= GOG_KW NAME OPEN_BRACE gog_key_statements extra_statement transform_list_statement gog_expiration_statement gog_goptree_statement show_times_statement CLOSE_BRACE * SEMICOLON

                     SEMICOLON shift  273

State 168:
          gop_idle_timeout_default ::= IDLE_TIMEOUT_KW time_value * SEMICOLON

                     SEMICOLON shift  231

State 169:
          gop_stop_statement ::= STOP_KW avpl * SEMICOLON

                     SEMICOLON shift  258

State 170:
          gog_goptree_statement ::= GOP_TREE_KW gop_tree_type * SEMICOLON

                     SEMICOLON shift  276

State 171:
          gog_expiration_statement ::= EXPIRATION_KW time_value * SEMICOLON

                     SEMICOLON shift  279

State 172:
          gop_start_statement ::= START_KW avpl * SEMICOLON

                     SEMICOLON shift  261

State 173:
          gop_tree_mode_default ::= SHOW_TREE_KW gop_tree_mode * SEMICOLON

                     SEMICOLON shift  260

State 174:
          gog_defaults ::= GOG_KW * OPEN_BRACE gog_expiration_default gop_tree_mode_default gog_goptree_default gog_show_times_default CLOSE_BRACE SEMICOLON

                    OPEN_BRACE shift  48

State 175:
          gog_decl ::= GOG_KW * NAME OPEN_BRACE gog_key_statements extra_statement transform_list_statement gog_expiration_statement gog_goptree_statement show_times_statement CLOSE_BRACE SEMICOLON

                          NAME shift  148

State 176:
          pdu_decl ::= PDU_KW NAME PROTO_KW field TRANSPORT_KW proto_stack OPEN_BRACE payload_statement extraction_statements transform_list_statement criteria_statement pdu_drop_unassigned_statement discard_pdu_data_statement last_extracted_statement * CLOSE_BRACE SEMICOLON

                   CLOSE_BRACE shift  177

State 177:
          pdu_decl ::= PDU_KW NAME PROTO_KW field TRANSPORT_KW proto_stack OPEN_BRACE payload_statement extraction_statements transform_list_statement criteria_statement pdu_drop_unassigned_statement discard_pdu_data_statement last_extracted_statement CLOSE_BRACE * SEMICOLON

                     SEMICOLON shift  185

State 178:
          defaults_decl ::= DEFAULT_KW OPEN_BRACE pdu_defaults gop_defaults gog_defaults CLOSE_BRACE * SEMICOLON

                     SEMICOLON shift  263

State 179:
          defaults_decl ::= DEFAULT_KW OPEN_BRACE pdu_defaults gop_defaults gog_defaults * CLOSE_BRACE SEMICOLON

                   CLOSE_BRACE shift  178

State 180:
          last_extracted_statement ::= LAST_PDU_KW true_false * SEMICOLON

                     SEMICOLON shift  183

State 181:
          discard_pdu_data_statement ::= DISCARD_PDU_DATA_KW true_false * SEMICOLON

                     SEMICOLON shift  184

State 182:
          gop_drop_unassigned_default ::= DROP_UNASSIGNED_KW true_false * SEMICOLON

                     SEMICOLON shift  233

State 183:
     (84) last_extracted_statement ::= LAST_PDU_KW true_false SEMICOLON *

                     {default} reduce 84

State 184:
     (82) discard_pdu_data_statement ::= DISCARD_PDU_DATA_KW true_false SEMICOLON *

                     {default} reduce 82

State 185:
     (69) pdu_decl ::= PDU_KW NAME PROTO_KW field TRANSPORT_KW proto_stack OPEN_BRACE payload_statement extraction_statements transform_list_statement criteria_statement pdu_drop_unassigned_statement discard_pdu_data_statement last_extracted_statement CLOSE_BRACE SEMICOLON *

                     {default} reduce 69

State 186:
     (56) transform_statements ::= transform_statement *

                     {default} reduce 56

State 187:
     (80) pdu_drop_unassigned_statement ::= DROP_UNASSIGNED_KW true_false SEMICOLON *

                     {default} reduce 80

State 188:
     (65) match_mode ::= LOOSE_KW *

                     {default} reduce 65

State 189:
     (64) match_mode ::= EVERY_KW *

                     {default} reduce 64

State 190:
     (63) match_mode ::= STRICT_KW *

                     {default} reduce 63

State 191:
     (58) transform_match ::= MATCH_KW match_mode avpl *

                     {default} reduce 58

State 192:
     (73) criteria_statement ::= CRITERIA_KW accept_mode match_mode avpl SEMICOLON *

                     {default} reduce 73

State 193:
     (75) accept_mode ::= ACCEPT_KW *

                     {default} reduce 75

State 194:
     (76) accept_mode ::= REJECT_KW *

                     {default} reduce 76

State 195:
     (77) extraction_statements ::= extraction_statements extraction_statement *

                     {default} reduce 77

State 196:
     (67) action_mode ::= INSERT_KW *

                     {default} reduce 67

State 197:
     (66) action_mode ::= REPLACE_KW *

                     {default} reduce 66

State 198:
    (137) avps ::= avp *

                     {default} reduce 137

State 199:
    (135) avpl ::= OPEN_PARENS CLOSE_PARENS *

                     {default} reduce 135

State 200:
     (79) extraction_statement ::= EXTRACT_KW NAME FROM_KW field SEMICOLON *

                     {default} reduce 79

State 201:
     (88) field ::= NAME *

                     {default} reduce 88

State 202:
    (142) avp_oneoff ::= value *

                     {default} reduce 142

State 203:
    (141) avp_oneoff ::= avp_oneoff PIPE value *

                     {default} reduce 141

State 204:
    (129) transform_list_statement ::= TRANSFORM_KW transform_list SEMICOLON *

                     {default} reduce 129

State 205:
    (140) avp ::= NAME OPEN_BRACE avp_oneoff CLOSE_BRACE *

                     {default} reduce 140

State 206:
    (131) transform_list ::= transform_list COMMA transform *

                     {default} reduce 131

State 207:
    (133) transform ::= NAME *

                     {default} reduce 133

State 208:
    (132) transform_list ::= transform *

                     {default} reduce 132

State 209:
     (78) extraction_statements ::= extraction_statement *

                     {default} reduce 78

State 210:
    (148) value ::= COLONIZED *

                     {default} reduce 148

State 211:
    (147) value ::= DOTED_IP *

                     {default} reduce 147

State 212:
     (71) payload_statement ::= PAYLOAD_KW proto_stack SEMICOLON *

                     {default} reduce 71

State 213:
    (146) value ::= INTEGER *

                     {default} reduce 146

State 214:
     (86) proto_stack ::= proto_stack SLASH field *

                     {default} reduce 86

State 215:
     (87) proto_stack ::= field *

                     {default} reduce 87

State 216:
    (144) value ::= NAME *

                     {default} reduce 144

State 217:
    (143) value ::= QUOTED *

                     {default} reduce 143

State 218:
    (138) avp ::= NAME AVP_OPERATOR value *

                     {default} reduce 138

State 219:
    (136) avps ::= avps COMMA avp *

                     {default} reduce 136

State 220:
    (134) avpl ::= OPEN_PARENS avps CLOSE_PARENS *

                     {default} reduce 134

State 221:
     (61) transform_action ::= action_mode avpl *

                     {default} reduce 61

State 222:
     (57) transform_statement ::= transform_match transform_action SEMICOLON *

                     {default} reduce 57

State 223:
     (55) transform_statements ::= transform_statements transform_statement *

                     {default} reduce 55

State 224:
     (54) transform_body ::= OPEN_BRACE transform_statements CLOSE_BRACE *

                     {default} reduce 54

State 225:
     (53) transform_decl ::= TRANSFORM_KW NAME transform_body SEMICOLON *

                     {default} reduce 53

State 226:
     (25) pdu_last_extracted_default ::= LAST_EXTRACTED_KW true_false SEMICOLON *

                     {default} reduce 25

State 227:
     (27) pdu_drop_unassigned_default ::= DROP_UNASSIGNED_KW true_false SEMICOLON *

                     {default} reduce 27

State 228:
     (29) pdu_discard_default ::= DISCARD_PDU_DATA_KW true_false SEMICOLON *

                     {default} reduce 29

State 229:
     (23) pdu_defaults ::= PDU_KW OPEN_BRACE pdu_last_extracted_default pdu_drop_unassigned_default pdu_discard_default CLOSE_BRACE SEMICOLON *

                     {default} reduce 23

State 230:
     (33) gop_expiration_default ::= EXPIRATION_KW time_value SEMICOLON *

                     {default} reduce 33

State 231:
     (35) gop_idle_timeout_default ::= IDLE_TIMEOUT_KW time_value SEMICOLON *

                     {default} reduce 35

State 232:
     (37) gop_lifetime_default ::= LIFETIME_KW time_value SEMICOLON *

                     {default} reduce 37

State 233:
     (39) gop_drop_unassigned_default ::= DROP_UNASSIGNED_KW true_false SEMICOLON *

                     {default} reduce 39

State 234:
     (89) gop_decl ::= GOP_KW NAME ON_KW pdu_name MATCH_KW avpl OPEN_BRACE gop_start_statement gop_stop_statement extra_statement transform_list_statement gop_expiration_statement idle_timeout_statement lifetime_statement gop_drop_unassigned_statement show_goptree_statement show_times_statement CLOSE_BRACE SEMICOLON *

                     {default} reduce 89

State 235:
     (43) gop_show_times_default ::= SHOW_TIMES_KW true_false SEMICOLON *

                     {default} reduce 43

State 236:
     (31) gop_defaults ::= GOP_KW OPEN_BRACE gop_expiration_default gop_idle_timeout_default gop_lifetime_default gop_drop_unassigned_default gop_tree_mode_default gop_show_times_default CLOSE_BRACE SEMICOLON *

                     {default} reduce 31

State 237:
     (98) show_times_statement ::= SHOW_TIMES_KW true_false SEMICOLON *

                     {default} reduce 98

State 238:
    (114) time_value ::= INTEGER *

                     {default} reduce 114

State 239:
    (113) time_value ::= FLOATING *

                     {default} reduce 113

State 240:
     (96) show_goptree_statement ::= SHOW_TREE_KW gop_tree_mode SEMICOLON *

                     {default} reduce 96

State 241:
     (47) gog_expiration_default ::= EXPIRATION_KW time_value SEMICOLON *

                     {default} reduce 47

State 242:
    (122) gop_tree_type ::= BASIC_TREE_KW *

                     {default} reduce 122

State 243:
     (90) gop_drop_unassigned_statement ::= DROP_UNASSIGNED_KW true_false SEMICOLON *

                     {default} reduce 90

State 244:
    (121) gop_tree_type ::= FULL_TREE_KW *

                     {default} reduce 121

State 245:
    (120) gop_tree_type ::= NULL_TREE_KW *

                     {default} reduce 120

State 246:
    (104) lifetime_statement ::= LIFETIME_KW time_value SEMICOLON *

                     {default} reduce 104

State 247:
     (49) gog_goptree_default ::= GOP_TREE_KW gop_tree_type SEMICOLON *

                     {default} reduce 49

State 248:
    (111) true_false ::= FALSE_KW *

                     {default} reduce 111

State 249:
    (102) idle_timeout_statement ::= IDLE_TIMEOUT_KW time_value SEMICOLON *

                     {default} reduce 102

State 250:
    (110) true_false ::= TRUE_KW *

                     {default} reduce 110

State 251:
     (51) gog_show_times_default ::= SHOW_TIMES_KW true_false SEMICOLON *

                     {default} reduce 51

State 252:
    (100) gop_expiration_statement ::= EXPIRATION_KW time_value SEMICOLON *

                     {default} reduce 100

State 253:
     (45) gog_defaults ::= GOG_KW OPEN_BRACE gog_expiration_default gop_tree_mode_default gog_goptree_default gog_show_times_default CLOSE_BRACE SEMICOLON *

                     {default} reduce 45

State 254:
    (109) gop_tree_mode ::= BASIC_TREE_KW *

                     {default} reduce 109

State 255:
    (127) extra_statement ::= EXTRA_KW avpl SEMICOLON *

                     {default} reduce 127

State 256:
    (108) gop_tree_mode ::= FRAME_TREE_KW *

                     {default} reduce 108

State 257:
    (107) gop_tree_mode ::= PDU_TREE_KW *

                     {default} reduce 107

State 258:
     (94) gop_stop_statement ::= STOP_KW avpl SEMICOLON *

                     {default} reduce 94

State 259:
    (106) gop_tree_mode ::= NO_TREE_KW *

                     {default} reduce 106

State 260:
     (41) gop_tree_mode_default ::= SHOW_TREE_KW gop_tree_mode SEMICOLON *

                     {default} reduce 41

State 261:
     (92) gop_start_statement ::= START_KW avpl SEMICOLON *

                     {default} reduce 92

State 262:
    (112) pdu_name ::= NAME *

                     {default} reduce 112

State 263:
     (22) defaults_decl ::= DEFAULT_KW OPEN_BRACE pdu_defaults gop_defaults gog_defaults CLOSE_BRACE SEMICOLON *

                     {default} reduce 22

State 264:
     (12) dbgfile_default ::= FILENAME_KW NAME SEMICOLON *

                     {default} reduce 12

State 265:
     (11) dbgfile_default ::= FILENAME_KW QUOTED SEMICOLON *

                     {default} reduce 11

State 266:
     (14) dbglevel_default ::= LEVEL_KW INTEGER SEMICOLON *

                     {default} reduce 14

State 267:
     (16) pdu_dbglevel_default ::= PDU_KW LEVEL_KW INTEGER SEMICOLON *

                     {default} reduce 16

State 268:
     (18) gop_dbglevel_default ::= GOP_KW LEVEL_KW INTEGER SEMICOLON *

                     {default} reduce 18

State 269:
     (20) gog_dbglevel_default ::= GOG_KW LEVEL_KW INTEGER SEMICOLON *

                     {default} reduce 20

State 270:
     (10) debug_decl ::= DEBUG_KW OPEN_BRACE dbgfile_default dbglevel_default pdu_dbglevel_default gop_dbglevel_default gog_dbglevel_default CLOSE_BRACE SEMICOLON *

                     {default} reduce 10

State 271:
      (9) decl ::= DONE_KW SEMICOLON *

                     {default} reduce 9

State 272:
      (8) decl ::= debug_decl *

                     {default} reduce 8

State 273:
    (115) gog_decl ::= GOG_KW NAME OPEN_BRACE gog_key_statements extra_statement transform_list_statement gog_expiration_statement gog_goptree_statement show_times_statement CLOSE_BRACE SEMICOLON *

                     {default} reduce 115

State 274:
      (7) decl ::= defaults_decl *

                     {default} reduce 7

State 275:
      (6) decl ::= transform_decl *

                     {default} reduce 6

State 276:
    (116) gog_goptree_statement ::= GOP_TREE_KW gop_tree_type SEMICOLON *

                     {default} reduce 116

State 277:
      (5) decl ::= gog_decl *

                     {default} reduce 5

State 278:
      (4) decl ::= gop_decl *

                     {default} reduce 4

State 279:
    (118) gog_expiration_statement ::= EXPIRATION_KW time_value SEMICOLON *

                     {default} reduce 118

State 280:
    (123) gog_key_statements ::= gog_key_statements gog_key_statement *

                     {default} reduce 123

State 281:
      (3) decl ::= pdu_decl *

                     {default} reduce 3

State 282:
      (1) decls ::= decls decl *

                     {default} reduce 1

State 283:
    (145) value ::= FLOATING *

                     {default} reduce 145

State 284:
    (125) gog_key_statement ::= MEMBER_KW gop_name avpl SEMICOLON *

                     {default} reduce 125

State 285:
    (126) gop_name ::= NAME *

                     {default} reduce 126

State 286:
    (124) gog_key_statements ::= gog_key_statement *

                     {default} reduce 124

----------------------------------------------------
Symbols:
    0: $:
    1: DONE_KW
    2: SEMICOLON
    3: DEBUG_KW
    4: OPEN_BRACE
    5: CLOSE_BRACE
    6: FILENAME_KW
    7: QUOTED
    8: NAME
    9: LEVEL_KW
   10: INTEGER
   11: PDU_KW
   12: GOP_KW
   13: GOG_KW
   14: DEFAULT_KW
   15: LAST_EXTRACTED_KW
   16: DROP_UNASSIGNED_KW
   17: DISCARD_PDU_DATA_KW
   18: EXPIRATION_KW
   19: IDLE_TIMEOUT_KW
   20: LIFETIME_KW
   21: SHOW_TREE_KW
   22: SHOW_TIMES_KW
   23: GOP_TREE_KW
   24: TRANSFORM_KW
   25: MATCH_KW
   26: STRICT_KW
   27: EVERY_KW
   28: LOOSE_KW
   29: REPLACE_KW
   30: INSERT_KW
   31: PROTO_KW
   32: TRANSPORT_KW
   33: PAYLOAD_KW
   34: CRITERIA_KW
   35: ACCEPT_KW
   36: REJECT_KW
   37: EXTRACT_KW
   38: FROM_KW
   39: LAST_PDU_KW
   40: SLASH
   41: ON_KW
   42: START_KW
   43: STOP_KW
   44: NO_TREE_KW
   45: PDU_TREE_KW
   46: FRAME_TREE_KW
   47: BASIC_TREE_KW
   48: TRUE_KW
   49: FALSE_KW
   50: FLOATING
   51: NULL_TREE_KW
   52: FULL_TREE_KW
   53: MEMBER_KW
   54: EXTRA_KW
   55: COMMA
   56: OPEN_PARENS
   57: CLOSE_PARENS
   58: AVP_OPERATOR
   59: PIPE
   60: DOTED_IP
   61: COLONIZED
   62: error:
   63: transform_decl: TRANSFORM_KW
   64: transform_body: OPEN_BRACE
   65: transform_statements: SEMICOLON MATCH_KW REPLACE_KW INSERT_KW OPEN_PARENS
   66: transform_statement: SEMICOLON MATCH_KW REPLACE_KW INSERT_KW OPEN_PARENS
   67: transform_match: <lambda> MATCH_KW
   68: transform_action: <lambda> REPLACE_KW INSERT_KW OPEN_PARENS
   69: match_mode: <lambda> STRICT_KW EVERY_KW LOOSE_KW
   70: action_mode: <lambda> REPLACE_KW INSERT_KW
   71: gop_name: NAME
   72: time_value: INTEGER FLOATING
   73: pdu_name: NAME
   74: gop_tree_mode: NO_TREE_KW PDU_TREE_KW FRAME_TREE_KW BASIC_TREE_KW
   75: true_false: TRUE_KW FALSE_KW
   76: criteria_statement: <lambda> CRITERIA_KW
   77: accept_mode: <lambda> ACCEPT_KW REJECT_KW
   78: pdu_drop_unassigned_statement: <lambda> DROP_UNASSIGNED_KW
   79: discard_pdu_data_statement: <lambda> DISCARD_PDU_DATA_KW
   80: last_extracted_statement: <lambda> LAST_PDU_KW
   81: extraction_statement: EXTRACT_KW
   82: extraction_statements: EXTRACT_KW
   83: gop_options:
   84: gop_start_statement: <lambda> START_KW
   85: gop_stop_statement: <lambda> STOP_KW
   86: extra_statement: <lambda> EXTRA_KW
   87: gop_drop_unassigned_statement: <lambda> DROP_UNASSIGNED_KW
   88: show_goptree_statement: <lambda> SHOW_TREE_KW
   89: show_times_statement: <lambda> SHOW_TIMES_KW
   90: gop_expiration_statement: <lambda> EXPIRATION_KW
   91: idle_timeout_statement: <lambda> IDLE_TIMEOUT_KW
   92: lifetime_statement: <lambda> LIFETIME_KW
   93: gog_statements:
   94: gog_expiration_statement: <lambda> EXPIRATION_KW
   95: gog_goptree_statement: <lambda> GOP_TREE_KW
   96: gog_key_statements: MEMBER_KW
   97: gog_key_statement: MEMBER_KW
   98: transform_list_statement: <lambda> TRANSFORM_KW
   99: transform: NAME
  100: gop_tree_type: BASIC_TREE_KW NULL_TREE_KW FULL_TREE_KW
  101: payload_statement: <lambda> PAYLOAD_KW
  102: proto_stack: NAME
  103: field: NAME
  104: transform_list: NAME
  105: avpl: OPEN_PARENS
  106: avps: NAME
  107: avp: NAME
  108: value: QUOTED NAME INTEGER FLOATING DOTED_IP COLONIZED
  109: avp_oneoff: QUOTED NAME INTEGER FLOATING DOTED_IP COLONIZED
  110: mate_config: DONE_KW DEBUG_KW PDU_KW GOP_KW GOG_KW DEFAULT_KW TRANSFORM_KW
  111: decls: <lambda> DONE_KW DEBUG_KW PDU_KW GOP_KW GOG_KW DEFAULT_KW TRANSFORM_KW
  112: decl: DONE_KW DEBUG_KW PDU_KW GOP_KW GOG_KW DEFAULT_KW TRANSFORM_KW
  113: pdu_decl: PDU_KW
  114: gop_decl: GOP_KW
  115: gog_decl: GOG_KW
  116: defaults_decl: DEFAULT_KW
  117: debug_decl: DEBUG_KW
  118: dbgfile_default: <lambda> FILENAME_KW
  119: dbglevel_default: <lambda> LEVEL_KW
  120: pdu_dbglevel_default: <lambda> PDU_KW
  121: gop_dbglevel_default: <lambda> GOP_KW
  122: gog_dbglevel_default: <lambda> GOG_KW
  123: pdu_defaults: <lambda> PDU_KW
  124: gop_defaults: <lambda> GOP_KW
  125: gog_defaults: <lambda> GOG_KW
  126: pdu_last_extracted_default: <lambda> LAST_EXTRACTED_KW
  127: pdu_drop_unassigned_default: <lambda> DROP_UNASSIGNED_KW
  128: pdu_discard_default: <lambda> DISCARD_PDU_DATA_KW
  129: gop_expiration_default: <lambda> EXPIRATION_KW
  130: gop_idle_timeout_default: <lambda> IDLE_TIMEOUT_KW
  131: gop_lifetime_default: <lambda> LIFETIME_KW
  132: gop_drop_unassigned_default: <lambda> DROP_UNASSIGNED_KW
  133: gop_tree_mode_default: <lambda> SHOW_TREE_KW
  134: gop_show_times_default: <lambda> SHOW_TIMES_KW
  135: gog_expiration_default: <lambda> EXPIRATION_KW
  136: gog_goptree_default: <lambda> GOP_TREE_KW
  137: gog_show_times_default: <lambda> SHOW_TIMES_KW
